<?xml version="1.0" encoding="UTF-8"?>
<!-- Generated by org.testng.reporters.JUnitReportReporter -->
<testsuite hostname="IT3ANCVR" name="VodafoneEgypt.AnaVodafone.Login.LoginExecuter" tests="1" failures="0" timestamp="2 Sep 2019 10:46:36 GMT" time="25.302" errors="0">
  <testcase name="LoginTestActions" time="25.302" classname="VodafoneEgypt.AnaVodafone.Login.LoginExecuter"/>
</testsuite> <!-- VodafoneEgypt.AnaVodafone.Login.LoginExecuter -->
